{"C:\\Users\\julia\\OneDrive - FH OOe\\Semester 5\\WAP\\WAP_GP\\src\\routing\\register.js": {"path":"C:\\Users\\julia\\OneDrive - FH OOe\\Semester 5\\WAP\\WAP_GP\\src\\routing\\register.js","statementMap":{"0":{"start":{"line":6,"column":15},"end":{"line":6,"column":31}},"1":{"start":{"line":29,"column":35},"end":{"line":74,"column":1}},"2":{"start":{"line":30,"column":4},"end":{"line":73,"column":5}},"3":{"start":{"line":31,"column":19},"end":{"line":31,"column":36}},"4":{"start":{"line":33,"column":22},"end":{"line":33,"column":36}},"5":{"start":{"line":34,"column":25},"end":{"line":34,"column":42}},"6":{"start":{"line":36,"column":8},"end":{"line":38,"column":9}},"7":{"start":{"line":37,"column":12},"end":{"line":37,"column":86}},"8":{"start":{"line":40,"column":23},"end":{"line":40,"column":99}},"9":{"start":{"line":42,"column":8},"end":{"line":44,"column":9}},"10":{"start":{"line":43,"column":12},"end":{"line":43,"column":74}},"11":{"start":{"line":46,"column":28},"end":{"line":52,"column":10}},"12":{"start":{"line":54,"column":8},"end":{"line":56,"column":9}},"13":{"start":{"line":55,"column":12},"end":{"line":55,"column":42}},"14":{"start":{"line":58,"column":22},"end":{"line":58,"column":26}},"15":{"start":{"line":60,"column":8},"end":{"line":64,"column":11}},"16":{"start":{"line":66,"column":8},"end":{"line":66,"column":80}},"17":{"start":{"line":68,"column":8},"end":{"line":68,"column":94}},"18":{"start":{"line":71,"column":8},"end":{"line":71,"column":27}},"19":{"start":{"line":72,"column":8},"end":{"line":72,"column":67}},"20":{"start":{"line":76,"column":37},"end":{"line":85,"column":1}},"21":{"start":{"line":77,"column":15},"end":{"line":77,"column":32}},"22":{"start":{"line":78,"column":18},"end":{"line":78,"column":88}},"23":{"start":{"line":80,"column":4},"end":{"line":82,"column":5}},"24":{"start":{"line":81,"column":8},"end":{"line":81,"column":75}},"25":{"start":{"line":84,"column":4},"end":{"line":84,"column":60}},"26":{"start":{"line":88,"column":39},"end":{"line":149,"column":1}},"27":{"start":{"line":89,"column":4},"end":{"line":148,"column":5}},"28":{"start":{"line":90,"column":19},"end":{"line":90,"column":36}},"29":{"start":{"line":91,"column":25},"end":{"line":91,"column":42}},"30":{"start":{"line":93,"column":8},"end":{"line":95,"column":9}},"31":{"start":{"line":94,"column":12},"end":{"line":94,"column":71}},"32":{"start":{"line":97,"column":22},"end":{"line":99,"column":10}},"33":{"start":{"line":101,"column":8},"end":{"line":103,"column":9}},"34":{"start":{"line":102,"column":12},"end":{"line":102,"column":78}},"35":{"start":{"line":104,"column":8},"end":{"line":104,"column":52}},"36":{"start":{"line":106,"column":25},"end":{"line":106,"column":56}},"37":{"start":{"line":109,"column":25},"end":{"line":111,"column":9}},"38":{"start":{"line":113,"column":8},"end":{"line":115,"column":9}},"39":{"start":{"line":114,"column":12},"end":{"line":114,"column":73}},"40":{"start":{"line":122,"column":30},"end":{"line":127,"column":10}},"41":{"start":{"line":130,"column":8},"end":{"line":139,"column":10}},"42":{"start":{"line":142,"column":8},"end":{"line":142,"column":81}},"43":{"start":{"line":143,"column":8},"end":{"line":143,"column":90}},"44":{"start":{"line":146,"column":12},"end":{"line":146,"column":31}},"45":{"start":{"line":147,"column":12},"end":{"line":147,"column":35}},"46":{"start":{"line":151,"column":0},"end":{"line":151,"column":38}},"47":{"start":{"line":152,"column":0},"end":{"line":152,"column":44}},"48":{"start":{"line":153,"column":0},"end":{"line":153,"column":46}}},"fnMap":{"0":{"name":"(anonymous_0)","decl":{"start":{"line":29,"column":35},"end":{"line":29,"column":36}},"loc":{"start":{"line":29,"column":54},"end":{"line":74,"column":1}},"line":29},"1":{"name":"(anonymous_1)","decl":{"start":{"line":76,"column":37},"end":{"line":76,"column":38}},"loc":{"start":{"line":76,"column":57},"end":{"line":85,"column":1}},"line":76},"2":{"name":"(anonymous_2)","decl":{"start":{"line":88,"column":39},"end":{"line":88,"column":40}},"loc":{"start":{"line":88,"column":59},"end":{"line":149,"column":1}},"line":88}},"branchMap":{"0":{"loc":{"start":{"line":36,"column":8},"end":{"line":38,"column":9}},"type":"if","locations":[{"start":{"line":36,"column":8},"end":{"line":38,"column":9}},{"start":{},"end":{}}],"line":36},"1":{"loc":{"start":{"line":36,"column":12},"end":{"line":36,"column":31}},"type":"binary-expr","locations":[{"start":{"line":36,"column":12},"end":{"line":36,"column":18}},{"start":{"line":36,"column":22},"end":{"line":36,"column":31}}],"line":36},"2":{"loc":{"start":{"line":42,"column":8},"end":{"line":44,"column":9}},"type":"if","locations":[{"start":{"line":42,"column":8},"end":{"line":44,"column":9}},{"start":{},"end":{}}],"line":42},"3":{"loc":{"start":{"line":54,"column":8},"end":{"line":56,"column":9}},"type":"if","locations":[{"start":{"line":54,"column":8},"end":{"line":56,"column":9}},{"start":{},"end":{}}],"line":54},"4":{"loc":{"start":{"line":80,"column":4},"end":{"line":82,"column":5}},"type":"if","locations":[{"start":{"line":80,"column":4},"end":{"line":82,"column":5}},{"start":{},"end":{}}],"line":80},"5":{"loc":{"start":{"line":93,"column":8},"end":{"line":95,"column":9}},"type":"if","locations":[{"start":{"line":93,"column":8},"end":{"line":95,"column":9}},{"start":{},"end":{}}],"line":93},"6":{"loc":{"start":{"line":101,"column":8},"end":{"line":103,"column":9}},"type":"if","locations":[{"start":{"line":101,"column":8},"end":{"line":103,"column":9}},{"start":{},"end":{}}],"line":101},"7":{"loc":{"start":{"line":113,"column":8},"end":{"line":115,"column":9}},"type":"if","locations":[{"start":{"line":113,"column":8},"end":{"line":115,"column":9}},{"start":{},"end":{}}],"line":113}},"s":{"0":1,"1":1,"2":2,"3":2,"4":2,"5":2,"6":2,"7":1,"8":1,"9":1,"10":0,"11":1,"12":1,"13":0,"14":1,"15":1,"16":1,"17":1,"18":0,"19":0,"20":1,"21":0,"22":0,"23":0,"24":0,"25":0,"26":1,"27":2,"28":2,"29":2,"30":2,"31":0,"32":2,"33":2,"34":1,"35":1,"36":1,"37":1,"38":1,"39":0,"40":1,"41":1,"42":1,"43":1,"44":0,"45":0,"46":1,"47":1,"48":1},"f":{"0":2,"1":0,"2":2},"b":{"0":[1,1],"1":[2,1],"2":[0,1],"3":[0,1],"4":[0,0],"5":[0,2],"6":[1,1],"7":[0,1]},"_coverageSchema":"1a1c01bbd47fc00a2c39e90264f33305004495a9","hash":"cb71e02fee2e3f2d3709d710c55a74ed76f7719a"}
}
