TN:
SF:src\routing\register.js
FN:29,(anonymous_0)
FN:76,(anonymous_1)
FN:88,(anonymous_2)
FNF:3
FNH:2
FNDA:2,(anonymous_0)
FNDA:0,(anonymous_1)
FNDA:2,(anonymous_2)
DA:6,1
DA:29,1
DA:30,2
DA:31,2
DA:33,2
DA:34,2
DA:36,2
DA:37,1
DA:40,1
DA:42,1
DA:43,0
DA:46,1
DA:54,1
DA:55,0
DA:58,1
DA:60,1
DA:66,1
DA:68,1
DA:71,0
DA:72,0
DA:76,1
DA:77,0
DA:78,0
DA:80,0
DA:81,0
DA:84,0
DA:88,1
DA:89,2
DA:90,2
DA:91,2
DA:93,2
DA:94,0
DA:97,2
DA:101,2
DA:102,1
DA:104,1
DA:106,1
DA:109,1
DA:113,1
DA:114,0
DA:122,1
DA:130,1
DA:142,1
DA:143,1
DA:146,0
DA:147,0
DA:151,1
DA:152,1
DA:153,1
LF:49
LH:36
BRDA:36,0,0,1
BRDA:36,0,1,1
BRDA:36,1,0,2
BRDA:36,1,1,1
BRDA:42,2,0,0
BRDA:42,2,1,1
BRDA:54,3,0,0
BRDA:54,3,1,1
BRDA:80,4,0,0
BRDA:80,4,1,0
BRDA:93,5,0,0
BRDA:93,5,1,2
BRDA:101,6,0,1
BRDA:101,6,1,1
BRDA:113,7,0,0
BRDA:113,7,1,1
BRF:16
BRH:10
end_of_record
